<?xml version="1.0" encoding="UTF-8"?>
<!-- Generated by org.testng.reporters.JUnitReportReporter -->
<testsuite hostname="Bloomlync-Qa" failures="0" tests="1" name="test.VideoPlatformTest$ChannelNoneTest" time="3.913" errors="0" timestamp="2024-07-18T16:13:21 IST" skipped="0">
  <testcase classname="test.VideoPlatformTest$ChannelNoneTest" name="testNoneChannel" time="3.913"/>
  <system-out/>
</testsuite> <!-- test.VideoPlatformTest$ChannelNoneTest -->
