<?xml version="1.0" encoding="UTF-8"?>
<!-- Generated by org.testng.reporters.JUnitReportReporter -->
<testsuite hostname="Bloomlync-Qa" failures="0" tests="1" name="test.VideoPlatformTest$ChannelDolbyTest" time="3.932" errors="0" timestamp="2024-07-18T16:13:21 IST" skipped="0">
  <testcase classname="test.VideoPlatformTest$ChannelDolbyTest" name="testDolbyChannel" time="3.932"/>
  <system-out/>
</testsuite> <!-- test.VideoPlatformTest$ChannelDolbyTest -->
