<?xml version="1.0" encoding="UTF-8"?>
<!-- Generated by org.testng.reporters.JUnitReportReporter -->
<testsuite hostname="Bloomlync-Qa" failures="0" tests="1" name="test.VideoPlatformTest$BookingTest" time="4.105" errors="0" timestamp="2024-07-18T16:13:21 IST" skipped="0">
  <testcase classname="test.VideoPlatformTest$BookingTest" name="testPhenixBooking" time="4.105"/>
  <system-out/>
</testsuite> <!-- test.VideoPlatformTest$BookingTest -->
