<?xml version="1.0" encoding="UTF-8"?>
<!-- Generated by org.testng.reporters.JUnitReportReporter -->
<testsuite hostname="Bloomlync-Qa" failures="0" tests="1" name="Test.EncoderTest" time="2.747" errors="0" timestamp="2024-07-26T12:12:18 IST" skipped="0">
  <testcase classname="Test.EncoderTest" name="test_01" time="2.747"/>
  <system-out/>
</testsuite> <!-- Test.EncoderTest -->
