<?xml version="1.0" encoding="UTF-8"?>
<!-- Generated by org.testng.reporters.JUnitReportReporter -->
<testsuite hostname="Bloomlync-Qa" failures="0" tests="1" name="test.VideoPlatformTest$ChannelTest" time="6.355" errors="0" timestamp="2024-06-26T13:02:56 IST" skipped="0">
  <testcase classname="test.VideoPlatformTest$ChannelTest" name="testPhenixChannel" time="6.355"/>
  <system-out/>
</testsuite> <!-- test.VideoPlatformTest$ChannelTest -->
