<?xml version="1.0" encoding="UTF-8"?>
<!-- Generated by org.testng.reporters.JUnitReportReporter -->
<testsuite hostname="Bloomlync-Qa" failures="0" tests="1" name="test.VideoPlatformTest$DecoderPhenixTest" time="4.941" errors="0" timestamp="2024-07-18T16:13:21 IST" skipped="0">
  <testcase classname="test.VideoPlatformTest$DecoderPhenixTest" name="testPhenixDecoder" time="4.941"/>
  <system-out/>
</testsuite> <!-- test.VideoPlatformTest$DecoderPhenixTest -->
