<?xml version="1.0" encoding="UTF-8"?>
<!-- Generated by org.testng.reporters.JUnitReportReporter -->
<testsuite hostname="Bloomlync-Qa" failures="0" tests="1" name="test.VideoPlatformTest$ChannelPhenixTest" time="4.007" errors="0" timestamp="2024-07-18T16:13:21 IST" skipped="0">
  <testcase classname="test.VideoPlatformTest$ChannelPhenixTest" name="testPhenixChannel" time="4.007"/>
  <system-out/>
</testsuite> <!-- test.VideoPlatformTest$ChannelPhenixTest -->
