<?xml version="1.0" encoding="UTF-8"?>
<!-- Generated by org.testng.reporters.JUnitReportReporter -->
<testsuite hostname="Bloomlync-Qa" failures="0" tests="2" name="test.VideoPlatformTest$SourceTest" time="8.268" errors="0" timestamp="2024-07-18T16:13:21 IST" skipped="0">
  <testcase classname="test.VideoPlatformTest$SourceTest" name="testSource" time="4.255"/>
  <system-out/>
  <testcase classname="test.VideoPlatformTest$SourceTest" name="testSource" time="4.013"/>
  <system-out/>
</testsuite> <!-- test.VideoPlatformTest$SourceTest -->
