<?xml version="1.0" encoding="UTF-8"?>
<!-- Generated by org.testng.reporters.JUnitReportReporter -->
<testsuite hostname="Bloomlync-Qa" failures="0" tests="1" name="test.VideoPlatformTest$DecoderTest" time="5.802" errors="0" timestamp="2024-06-26T13:02:56 IST" skipped="0">
  <testcase classname="test.VideoPlatformTest$DecoderTest" name="testPhenixDecoder" time="5.802"/>
  <system-out/>
</testsuite> <!-- test.VideoPlatformTest$DecoderTest -->
